0 0 0.007862963743863567 7.862963743863567e-05 7.76653505697479e-05 7.576477721743336e-05 7.391107870862611e-05 7.210428933510446e-05 7.034450228638569e-05 6.863187434512954e-05 6.696663068340804e-05 6.534906971799346e-05 6.377956796079816e-05 6.225858477276434e-05 6.0786666894909776e-05 5.936445258842081e-05 5.799267516499819e-05 5.667216562994573e-05 5.5403854092581014e-05 5.4188769524151686e-05 5.30280373647743e-05 5.192287440334992e-05 5.087458028662342e-05 4.9884524966600795e-05 4.895413138559336e-05 4.8084852744759085e-05 4.7278143826881784e-05 4.6535426068447736e-05 4.5858046419089974e-05 4.524723049285487e-05 4.470403109511474e-05 4.422927386621054e-05 4.3823502450290626e-05 4.3486926184184946e-05 4.32193736955038e-05 4.3020255891177434e-05 4.288854152766802e-05 4.2822747855317635e-05 4.282094776704969e-05 4.288079357960646e-05 4.299955620840083e-05 4.3174177263729185e-05 4.340133066882891e-05 4.367748989034149e-05 4.399899681280466e-05 4.436212863153085e-05 4.4763159780673343e-05 4.519841672173479e-05 4.566432426592993e-05 4.6157442885828054e-05 4.66744971204896e-05 4.7212395662573934e-05 4.776824403217414e-05 4.8339350911171024e-05 4.892322926122222e-05 4.9517593311891113e-05 5.012035241232421e-05 5.0729602616222434e-05 5.1343616733813446e-05 5.196083345062428e-05 5.257984598884233e-05 5.3199390676918953e-05 5.381833569976302e-05 5.443567022486434e-05 5.505049403704117e-05 5.566200776567307e-05 5.626950375065232e-05 5.6872357564973304e-05 5.7470020191274966e-05 5.806201083500356e-05 5.864791034697993e-05 5.9227355221872933e-05 5.9800032135676e-05 6.03656729833475e-05 6.0924050377982684e-05 6.147497357367463e-05 6.201828477564874e-05 6.255385580331676e-05 6.308158507413091e-05 6.360139487847518e-05 6.411322891801939e-05 6.46170500823815e-05 6.511283844122531e-05 6.560058943080897e-05 6.608031221597088e-05 6.655202821050665e-05 6.701576974046106e-05 6.747157883619662e-05 6.791950614074418e-05 6.835960992308903e-05 6.879195518615288e-05 6.92166128601634e-05 6.963365907327308e-05 7.004317449200214e-05 7.044524372457979e-05 7.083995478139458e-05 7.122739858700963e-05 7.160766853882255e-05 7.19808601080607e-05 7.234707047899869e-05 7.270639822298468e-05 7.305894300391838e-05 7.340480531225252e-05 7.357632334518819e-05 0.00015416042943467272 0.00015160516018544992 0.00014653944449608802 0.00014156263593562545 0.00013667326142517133 0.00013186985649077694 0.0001271509667844252 0.00012251514943318446 0.0001179609742322991 0.00011348702469648794 0.00010909189898260205 0.00010477421069526283 0.0001005325895864851 9.636568215879167e-05 9.227215218095017e-05 8.82506811243663e-05 8.429996852738649e-05 8.041873229453788e-05 7.660570893644586e-05 7.285965375625184e-05 6.91793409877044e-05 6.556356388923563e-05 6.20111347985145e-05 5.852088515138245e-05 5.509166546836594e-05 5.172234531233827e-05 4.841181322013009e-05 4.5158976610597896e-05 4.1962761671887036e-05 3.882211322995399e-05 3.573599460032355e-05 3.270338742509155e-05 2.9723291496812555e-05 2.6794724570721417e-05 2.3916722166842974e-05 2.108833736326349e-05 1.8308640581583385e-05 1.557671936582315e-05 1.2891678155684016e-05 1.0252638054957078e-05 7.658736596072427e-06 5.109127501420305e-06 2.6029804420653845e-06 1.394807946027729e-07 2.282170603363972e-06 4.66275769862558e-06 7.003049468185652e-06 9.303800165091604e-06 1.1565749563798835e-05 1.3789623204915624e-05 1.5976132638865966e-05 1.812597566825473e-05 2.0239836588683576e-05 2.2318386427779355e-05 2.4362283182331014e-05 2.6372172053143933e-05 2.8348685677659217e-05 3.0292444360154074e-05 3.220405629934033e-05 3.408411781326593e-05 3.593321356143e-05 3.775191676416381e-05 3.954078941894107e-05 4.130038251377039e-05 4.303123623760477e-05 4.4733880187592144e-05 4.640883357328937e-05 4.805660541772129e-05 4.967769475531714e-05 5.127259082667211e-05 5.284177327017106e-05 5.438571231041019e-05 5.590486894352244e-05 5.73996951193334e-05 5.8870633920332335e-05 6.0318119737592184e-05 6.174257844356782e-05 6.314442756182162e-05 6.452407643363825e-05 6.588192638169214e-05 6.72183708707164e-05 6.853379566510055e-05 6.982857898366049e-05 7.110309165150255e-05 7.235769724891621e-05 7.359275225754979e-05 7.480860620377086e-05 7.600560179919518e-05 7.718407507857728e-05 7.834435553501047e-05 7.94867662524435e-05 8.061162403564382e-05 8.171923953759138e-05 8.280991738430731e-05 8.388395629728836e-05 8.494164921342962e-05 8.598328340257008e-05 8.700914058271803e-05 8.801949703287226e-05 8.901462370366483e-05 8.950841313345091e-05 4.283306196154694e-06 5.114055883783351e-06 6.753362382427997e-06 8.348688530398026e-06 9.90084586997827e-06 1.1410646659831117e-05 1.2878902428860538e-05 1.4306422664688866e-05 1.569401362637229e-05 1.7042477272142987e-05 1.83526102933687e-05 1.9625203246610988e-05 2.086103977621609e-05 2.20608959203081e-05 2.32255394938418e-05 2.4355729542414103e-05 2.5452215861415e-05 2.651573857508784e-05 2.7547027770808096e-05 2.854680318408466e-05 2.9515773930006593e-05 3.0454638277371278e-05 3.136408346182218e-05 3.2244785534944165e-05 3.3097409245926445e-05 3.3922607953145906e-05 3.472102356314457e-05 3.5493286494254624e-05 3.624001566301519e-05 3.696181849113287e-05 3.7659290930940654e-05 3.833301750788597e-05 3.898357137823736e-05 3.961151440044847e-05 4.02173972190536e-05 4.080175935943966e-05 4.1365129332711954e-05 4.190802474928611e-05 4.243095244024096e-05 4.293440858576039e-05 4.3418878849417215e-05 4.3884838517872584e-05 4.4332752645018875e-05 4.476307620017931e-05 4.517625421943905e-05 4.55727219598007e-05 4.595290505561842e-05 4.6317219676670955e-05 4.666607268775083e-05 4.699986180907922e-05 4.7318975777405826e-05 4.762379450735614e-05 4.7914689252798745e-05 4.8192022767887255e-05 4.845614946768306e-05 4.8707415587977565e-05 4.894615934411337e-05 4.9172711088849515e-05 4.9387393468905806e-05 4.95905215799875e-05 4.978240312040586e-05 4.996333854298577e-05 5.01336212052295e-05 5.0293537517633784e-05 5.044336709006435e-05 5.058338287618969e-05 5.071385131584946e-05 5.0835032475317734e-05 5.094718018538337e-05 5.1050542177393876e-05 5.1145360216971905e-05 5.123187023554158e-05 5.1310302459659405e-05 5.138088153807369e-05 5.144382666652529e-05 5.149935171026962e-05 5.1547665324417765e-05 5.1588971071968043e-05 5.1623467539588056e-05 5.1651348451228155e-05 5.167280277950701e-05 5.16880148548582e-05 5.1697164472497616e-05 5.1700426997311e-05 5.169797346654052e-05 5.16899706903355e-05 5.16765813502648e-05 5.165796409582533e-05 5.163427363876398e-05 5.160566084546248e-05 5.157227282746471e-05 5.1534253029846355e-05 5.149174131779933e-05 5.144487406133686e-05 5.139378421804704e-05 5.1338601414135095e-05 5.127945202355393e-05 5.121645924546853e-05 5.11497431799875e-05 5.1079420902080364e-05 5.104337265760736e-05 [-0.00282327 -0.00282276 -0.00282204 -0.00282114 -0.00282004 -0.00281876
 -0.0028173  -0.00281567 -0.00281387 -0.0028119  -0.00280978 -0.0028075
 -0.00280507 -0.00280249 -0.00279977 -0.00279692 -0.00279393 -0.00279081
 -0.00278756 -0.0027842  -0.00278071 -0.00277711 -0.0027734  -0.00276959
 -0.00276567 -0.00276164 -0.00275752 -0.00275331 -0.00274901 -0.00274461
 -0.00274013 -0.00273557 -0.00273093 -0.00272622 -0.00272143 -0.00271657
 -0.00271164 -0.00270664 -0.00270158 -0.00269646 -0.00269127 -0.00268603
 -0.00268074 -0.00267539 -0.00267    -0.00266455 -0.00265906 -0.00265352
 -0.00264794 -0.00264232 -0.00263666 -0.00263097 -0.00262523 -0.00261947
 -0.00261367 -0.00260784 -0.00260198 -0.00259609 -0.00259018 -0.00258424
 -0.00257828 -0.00257229 -0.00256628 -0.00256026 -0.00255421 -0.00254815
 -0.00254207 -0.00253598 -0.00252987 -0.00252375 -0.00251762 -0.00251148
 -0.00250533 -0.00249916 -0.00249299 -0.00248682 -0.00248063 -0.00247445
 -0.00246825 -0.00246206 -0.00245586 -0.00244966 -0.00244345 -0.00243725
 -0.00243104 -0.00242484 -0.00241864 -0.00241244 -0.00240624 -0.00240005
 -0.00239385 -0.00238767 -0.00238149 -0.00237531 -0.00236914 -0.00236298
 -0.00235682 -0.00235067 -0.00234453 -0.00233839 -0.00233227] [0.00315345 0.00311454 0.00307624 0.00303855 0.00300144 0.00296492
 0.00292897 0.00289358 0.00285874 0.00282444 0.00279068 0.00275743
 0.0027247  0.00269248 0.00266075 0.00262951 0.00259874 0.00256845
 0.00253862 0.00250924 0.00248031 0.00245181 0.00242374 0.0023961
 0.00236887 0.00234205 0.00231563 0.00228961 0.00226397 0.00223871
 0.00221383 0.00218931 0.00216515 0.00214135 0.0021179  0.00209478
 0.00207201 0.00204956 0.00202744 0.00200564 0.00198416 0.00196298
 0.00194211 0.00192153 0.00190125 0.00188125 0.00186154 0.00184211
 0.00182295 0.00180406 0.00178543 0.00176706 0.00174895 0.0017311
 0.00171348 0.00169612 0.00167899 0.00166209 0.00164543 0.001629
 0.00161279 0.0015968  0.00158102 0.00156546 0.00155011 0.00153496
 0.00152002 0.00150527 0.00149072 0.00147637 0.0014622  0.00144823
 0.00143443 0.00142082 0.00140738 0.00139412 0.00138103 0.00136811
 0.00135536 0.00134277 0.00133035 0.00131808 0.00130597 0.00129401
 0.00128221 0.00127055 0.00125904 0.00124768 0.00123646 0.00122538
 0.00121444 0.00120363 0.00119296 0.00118242 0.001172   0.00116172
 0.00115156 0.00114153 0.00113162 0.00112183 0.00111216]